# JRE version: Java(TM) SE Runtime Environment (21.0.8+12) (build 21.0.8+12-LTS-250)
# Java VM: Java HotSpot(TM) 64-Bit Server VM (21.0.8+12-LTS-250, mixed mode, sharing, tiered, compressed oops, compressed class ptrs, g1 gc, windows-amd64)
GC Precious Log:
 CardTable entry size: 512
 Card Set container configuration: InlinePtr #cards 5 size 8 Array Of Cards #cards 12 size 40 Howl #buckets 4 coarsen threshold 1843 Howl Bitmap #cards 512 size 80 coarsen threshold 460 Card regions per heap region 1 cards per card region 2048
 CPUs: 4 total, 4 available
 Memory: 3453M
 Large Page Support: Disabled
 NUMA Support: Disabled
 Compressed Oops: Enabled (32-bit)
 Heap Region Size: 1M
 Heap Min Capacity: 8M
 Heap Initial Capacity: 54M
 Heap Max Capacity: 864M
 Pre-touch: Disabled
 Parallel Workers: 4
 Concurrent Workers: 1
 Concurrent Refinement Workers: 4
 Periodic GC: Disabled
Heap:
 garbage-first heap   total 55296K, used 26030K [0x00000000ca000000, 0x0000000100000000)
  region size 1024K, 7 young (7168K), 4 survivors (4096K)
 Metaspace       used 51942K, committed 52544K, reserved 1114112K
  class space    used 6679K, committed 6976K, reserved 1048576K
GC Heap History (20 events):
Event: 1.161 GC heap before
{Heap before GC invocations=1 (full 0):
 garbage-first heap   total 55296K, used 19808K [0x00000000ca000000, 0x0000000100000000)
  region size 1024K, 14 young (14336K), 2 survivors (2048K)
 Metaspace       used 9173K, committed 9408K, reserved 1114112K
  class space    used 1009K, committed 1088K, reserved 1048576K
}
Event: 1.166 GC heap after
{Heap after GC invocations=2 (full 0):
 garbage-first heap   total 55296K, used 9391K [0x00000000ca000000, 0x0000000100000000)
  region size 1024K, 2 young (2048K), 2 survivors (2048K)
 Metaspace       used 9173K, committed 9408K, reserved 1114112K
  class space    used 1009K, committed 1088K, reserved 1048576K
}
Event: 1.635 GC heap before
{Heap before GC invocations=2 (full 0):
 garbage-first heap   total 55296K, used 26799K [0x00000000ca000000, 0x0000000100000000)
  region size 1024K, 20 young (20480K), 2 survivors (2048K)
 Metaspace       used 14079K, committed 14464K, reserved 1114112K
  class space    used 1674K, committed 1856K, reserved 1048576K
}
Event: 1.639 GC heap after
{Heap after GC invocations=3 (full 0):
 garbage-first heap   total 55296K, used 11162K [0x00000000ca000000, 0x0000000100000000)
  region size 1024K, 2 young (2048K), 2 survivors (2048K)
 Metaspace       used 14079K, committed 14464K, reserved 1114112K
  class space    used 1674K, committed 1856K, reserved 1048576K
}
Event: 2.224 GC heap before
{Heap before GC invocations=3 (full 0):
 garbage-first heap   total 55296K, used 36762K [0x00000000ca000000, 0x0000000100000000)
  region size 1024K, 28 young (28672K), 2 survivors (2048K)
 Metaspace       used 20816K, committed 21184K, reserved 1114112K
  class space    used 2500K, committed 2688K, reserved 1048576K
}
Event: 2.230 GC heap after
{Heap after GC invocations=4 (full 0):
 garbage-first heap   total 55296K, used 13424K [0x00000000ca000000, 0x0000000100000000)
  region size 1024K, 4 young (4096K), 4 survivors (4096K)
 Metaspace       used 20816K, committed 21184K, reserved 1114112K
  class space    used 2500K, committed 2688K, reserved 1048576K
}
Event: 2.289 GC heap before
{Heap before GC invocations=4 (full 0):
 garbage-first heap   total 55296K, used 15472K [0x00000000ca000000, 0x0000000100000000)
  region size 1024K, 7 young (7168K), 4 survivors (4096K)
 Metaspace       used 21142K, committed 21504K, reserved 1114112K
  class space    used 2538K, committed 2688K, reserved 1048576K
}
Event: 2.293 GC heap after
{Heap after GC invocations=5 (full 0):
 garbage-first heap   total 55296K, used 14295K [0x00000000ca000000, 0x0000000100000000)
  region size 1024K, 1 young (1024K), 1 survivors (1024K)
 Metaspace       used 21142K, committed 21504K, reserved 1114112K
  class space    used 2538K, committed 2688K, reserved 1048576K
}
Event: 3.036 GC heap before
{Heap before GC invocations=6 (full 0):
 garbage-first heap   total 55296K, used 40919K [0x00000000ca000000, 0x0000000100000000)
  region size 1024K, 27 young (27648K), 1 survivors (1024K)
 Metaspace       used 24661K, committed 25024K, reserved 1114112K
  class space    used 2953K, committed 3136K, reserved 1048576K
}
Event: 3.039 GC heap after
{Heap after GC invocations=7 (full 0):
 garbage-first heap   total 55296K, used 16226K [0x00000000ca000000, 0x0000000100000000)
  region size 1024K, 3 young (3072K), 3 survivors (3072K)
 Metaspace       used 24661K, committed 25024K, reserved 1114112K
  class space    used 2953K, committed 3136K, reserved 1048576K
}
Event: 3.968 GC heap before
{Heap before GC invocations=7 (full 0):
 garbage-first heap   total 55296K, used 42850K [0x00000000ca000000, 0x0000000100000000)
  region size 1024K, 29 young (29696K), 3 survivors (3072K)
 Metaspace       used 29427K, committed 29888K, reserved 1114112K
  class space    used 3644K, committed 3840K, reserved 1048576K
}
Event: 3.976 GC heap after
{Heap after GC invocations=8 (full 0):
 garbage-first heap   total 55296K, used 19375K [0x00000000ca000000, 0x0000000100000000)
  region size 1024K, 4 young (4096K), 4 survivors (4096K)
 Metaspace       used 29427K, committed 29888K, reserved 1114112K
  class space    used 3644K, committed 3840K, reserved 1048576K
}
Event: 4.821 GC heap before
{Heap before GC invocations=8 (full 0):
 garbage-first heap   total 55296K, used 43951K [0x00000000ca000000, 0x0000000100000000)
  region size 1024K, 29 young (29696K), 4 survivors (4096K)
 Metaspace       used 35028K, committed 35584K, reserved 1114112K
  class space    used 4293K, committed 4544K, reserved 1048576K
}
Event: 4.827 GC heap after
{Heap after GC invocations=9 (full 0):
 garbage-first heap   total 55296K, used 21651K [0x00000000ca000000, 0x0000000100000000)
  region size 1024K, 3 young (3072K), 3 survivors (3072K)
 Metaspace       used 35028K, committed 35584K, reserved 1114112K
  class space    used 4293K, committed 4544K, reserved 1048576K
}
Event: 4.948 GC heap before
{Heap before GC invocations=9 (full 0):
 garbage-first heap   total 55296K, used 23699K [0x00000000ca000000, 0x0000000100000000)
  region size 1024K, 6 young (6144K), 3 survivors (3072K)
 Metaspace       used 35635K, committed 36160K, reserved 1114112K
  class space    used 4385K, committed 4608K, reserved 1048576K
}
Event: 4.956 GC heap after
{Heap after GC invocations=10 (full 0):
 garbage-first heap   total 55296K, used 21993K [0x00000000ca000000, 0x0000000100000000)
  region size 1024K, 1 young (1024K), 1 survivors (1024K)
 Metaspace       used 35635K, committed 36160K, reserved 1114112K
  class space    used 4385K, committed 4608K, reserved 1048576K
}
Event: 6.015 GC heap before
{Heap before GC invocations=11 (full 0):
 garbage-first heap   total 55296K, used 45545K [0x00000000ca000000, 0x0000000100000000)
  region size 1024K, 25 young (25600K), 1 survivors (1024K)
 Metaspace       used 43608K, committed 44224K, reserved 1114112K
  class space    used 5535K, committed 5824K, reserved 1048576K
}
Event: 6.018 GC heap after
{Heap after GC invocations=12 (full 0):
 garbage-first heap   total 55296K, used 22849K [0x00000000ca000000, 0x0000000100000000)
  region size 1024K, 2 young (2048K), 2 survivors (2048K)
 Metaspace       used 43608K, committed 44224K, reserved 1114112K
  class space    used 5535K, committed 5824K, reserved 1048576K
}
Event: 7.305 GC heap before
{Heap before GC invocations=12 (full 0):
 garbage-first heap   total 55296K, used 46401K [0x00000000ca000000, 0x0000000100000000)
  region size 1024K, 26 young (26624K), 2 survivors (2048K)
 Metaspace       used 51142K, committed 51712K, reserved 1114112K
  class space    used 6567K, committed 6848K, reserved 1048576K
}
Event: 7.312 GC heap after
{Heap after GC invocations=13 (full 0):
 garbage-first heap   total 55296K, used 25006K [0x00000000ca000000, 0x0000000100000000)
  region size 1024K, 4 young (4096K), 4 survivors (4096K)
 Metaspace       used 51142K, committed 51712K, reserved 1114112K
  class space    used 6567K, committed 6848K, reserved 1048576K
}

